<?xml version="1.0" encoding="UTF-8"?>
<!-- Generated by org.testng.reporters.JUnitReportReporter -->
<testsuite hostname="DESKTOP-NU9030Q" failures="0" tests="1" name="Test1" time="2.735" errors="0" timestamp="2022-10-20T08:21:05 GMT-07:00" skipped="0">
  <testcase classname="Test1" name="test1" time="2.735"/>
  <system-out/>
</testsuite> <!-- Test1 -->
